<?xml version="1.0" encoding="UTF-8"?>
<!-- Generated by org.testng.reporters.JUnitReportReporter -->
<testsuite hostname="DESKTOP-VDTD5EL" name="accuWeather.accuWeatherRA" tests="1" failures="0" timestamp="20 Dec 2021 15:51:53 GMT" time="3.568" errors="0">
  <testcase name="getTemparature" time="3.568" classname="accuWeather.accuWeatherRA"/>
</testsuite> <!-- accuWeather.accuWeatherRA -->
