<?xml version="1.0" encoding="UTF-8"?>
<!-- Generated by org.testng.reporters.JUnitReportReporter -->
<testsuite hostname="DESKTOP-VDTD5EL" name="accuWeather.accuWeatherAPI" tests="1" failures="0" timestamp="20 Dec 2021 16:31:48 GMT" time="3.804" errors="0">
  <testcase name="getTemparature" time="3.804" classname="accuWeather.accuWeatherAPI"/>
</testsuite> <!-- accuWeather.accuWeatherAPI -->
